<?xml version="1.0" encoding="UTF-8"?>
<!-- Generated by org.testng.reporters.JUnitReportReporter -->
<testsuite hostname="KentHookahPC" failures="0" tests="2" name="loans.HomeLoan1" time="0.003" errors="0" timestamp="2022-03-17T18:34:11 SAST" skipped="0">
  <testcase classname="loans.HomeLoan1" name="Loan2" time="0.001"/>
  <system-out/>
  <testcase classname="loans.HomeLoan1" name="Loan1" time="0.002"/>
  <system-out/>
</testsuite> <!-- loans.HomeLoan1 -->
