<?xml version="1.0" encoding="UTF-8"?>
<!-- Generated by org.testng.reporters.JUnitReportReporter -->
<testsuite hostname="KentHookahPC" failures="0" tests="2" name="first.firstTestNGTst" time="0.020" errors="0" timestamp="2022-03-17T18:19:35 SAST" skipped="0">
  <testcase classname="first.firstTestNGTst" name="first" time="0.016"/>
  <system-out/>
  <testcase classname="first.firstTestNGTst" name="second" time="0.004"/>
  <system-out/>
</testsuite> <!-- first.firstTestNGTst -->
