<?xml version="1.0" encoding="UTF-8"?>
<!-- Generated by org.testng.reporters.JUnitReportReporter -->
<testsuite hostname="KentHookahPC" failures="0" tests="2" name="loans.Personalloan1" time="0.004" errors="0" timestamp="2022-03-17T18:34:11 SAST" skipped="0">
  <testcase classname="loans.Personalloan1" name="P_Loan2" time="0.002"/>
  <system-out/>
  <testcase classname="loans.Personalloan1" name="P_Loan1" time="0.002"/>
  <system-out/>
</testsuite> <!-- loans.Personalloan1 -->
