<?xml version="1.0" encoding="UTF-8"?>
<!-- Generated by org.testng.reporters.JUnitReportReporter -->
<testsuite hostname="KentHookahPC" failures="0" tests="2" name="loans.HomeLoan1" time="0.013" errors="0" timestamp="2022-04-07T13:56:08 SAST" skipped="0">
  <testcase classname="loans.HomeLoan1" name="HL1_Loan2" time="0.005"/>
  <system-out/>
  <testcase classname="loans.HomeLoan1" name="HL1_Loan1" time="0.008"/>
  <system-out/>
</testsuite> <!-- loans.HomeLoan1 -->
