<?xml version="1.0" encoding="UTF-8"?>
<!-- Generated by org.testng.reporters.JUnitReportReporter -->
<testsuite hostname="KentHookahPC" failures="0" tests="2" name="loans.HomeLoan2" time="0.005" errors="0" timestamp="2022-04-07T13:56:08 SAST" skipped="0">
  <testcase classname="loans.HomeLoan2" name="HL2_Loan1" time="0.002"/>
  <system-out/>
  <testcase classname="loans.HomeLoan2" name="HL2_Loan2" time="0.003"/>
  <system-out/>
</testsuite> <!-- loans.HomeLoan2 -->
