<?xml version="1.0" encoding="UTF-8"?>
<!-- Generated by org.testng.reporters.JUnitReportReporter -->
<testsuite hostname="KentHookahPC" failures="0" tests="2" name="loans.VehicleLoans" time="0.002" errors="0" timestamp="2022-03-17T18:34:11 SAST" skipped="0">
  <testcase classname="loans.VehicleLoans" name="V_Loan2" time="0.001"/>
  <system-out/>
  <testcase classname="loans.VehicleLoans" name="V_Loan1" time="0.001"/>
  <system-out/>
</testsuite> <!-- loans.VehicleLoans -->
