<?xml version="1.0" encoding="UTF-8"?>
<!-- Generated by org.testng.reporters.JUnitReportReporter -->
<testsuite hostname="KentHookahPC" failures="0" tests="1" name="loans.Personalloan1" time="0.002" errors="0" timestamp="2022-04-07T13:56:08 SAST" skipped="0">
  <testcase classname="loans.Personalloan1" name="PL1_Loan1" time="0.002"/>
  <system-out/>
</testsuite> <!-- loans.Personalloan1 -->
